{"/Users/georgeraymond/Desktop/code.../codefellows/12-19/03-async/lib/reader-fixed.js": {"path":"/Users/georgeraymond/Desktop/code.../codefellows/12-19/03-async/lib/reader-fixed.js","statementMap":{"0":{"start":{"line":3,"column":11},"end":{"line":3,"column":24}},"1":{"start":{"line":4,"column":15},"end":{"line":4,"column":17}},"2":{"start":{"line":9,"column":0},"end":{"line":12,"column":2}},"3":{"start":{"line":10,"column":1},"end":{"line":10,"column":30}},"4":{"start":{"line":11,"column":1},"end":{"line":11,"column":15}},"5":{"start":{"line":19,"column":16},"end":{"line":24,"column":1}},"6":{"start":{"line":20,"column":1},"end":{"line":23,"column":4}},"7":{"start":{"line":21,"column":2},"end":{"line":22,"column":37}},"8":{"start":{"line":21,"column":12},"end":{"line":21,"column":26}},"9":{"start":{"line":22,"column":9},"end":{"line":22,"column":35}},"10":{"start":{"line":34,"column":16},"end":{"line":70,"column":1}},"11":{"start":{"line":36,"column":19},"end":{"line":36,"column":21}},"12":{"start":{"line":38,"column":4},"end":{"line":66,"column":7}},"13":{"start":{"line":39,"column":6},"end":{"line":65,"column":7}},"14":{"start":{"line":40,"column":8},"end":{"line":40,"column":22}},"15":{"start":{"line":43,"column":8},"end":{"line":43,"column":35}},"16":{"start":{"line":44,"column":8},"end":{"line":44,"column":46}},"17":{"start":{"line":46,"column":8},"end":{"line":64,"column":11}},"18":{"start":{"line":47,"column":10},"end":{"line":63,"column":11}},"19":{"start":{"line":48,"column":12},"end":{"line":48,"column":26}},"20":{"start":{"line":51,"column":12},"end":{"line":51,"column":39}},"21":{"start":{"line":52,"column":12},"end":{"line":52,"column":50}},"22":{"start":{"line":54,"column":12},"end":{"line":62,"column":15}},"23":{"start":{"line":55,"column":14},"end":{"line":61,"column":15}},"24":{"start":{"line":56,"column":16},"end":{"line":56,"column":30}},"25":{"start":{"line":59,"column":16},"end":{"line":59,"column":43}},"26":{"start":{"line":60,"column":16},"end":{"line":60,"column":54}},"27":{"start":{"line":68,"column":4},"end":{"line":68,"column":29}}},"fnMap":{"0":{"name":"(anonymous_0)","decl":{"start":{"line":9,"column":27},"end":{"line":9,"column":28}},"loc":{"start":{"line":9,"column":48},"end":{"line":12,"column":1}},"line":9},"1":{"name":"(anonymous_1)","decl":{"start":{"line":19,"column":16},"end":{"line":19,"column":17}},"loc":{"start":{"line":19,"column":36},"end":{"line":24,"column":1}},"line":19},"2":{"name":"(anonymous_2)","decl":{"start":{"line":20,"column":20},"end":{"line":20,"column":21}},"loc":{"start":{"line":20,"column":35},"end":{"line":23,"column":2}},"line":20},"3":{"name":"(anonymous_3)","decl":{"start":{"line":34,"column":16},"end":{"line":34,"column":17}},"loc":{"start":{"line":34,"column":37},"end":{"line":70,"column":1}},"line":34},"4":{"name":"(anonymous_4)","decl":{"start":{"line":38,"column":22},"end":{"line":38,"column":23}},"loc":{"start":{"line":38,"column":37},"end":{"line":66,"column":5}},"line":38},"5":{"name":"(anonymous_5)","decl":{"start":{"line":46,"column":26},"end":{"line":46,"column":27}},"loc":{"start":{"line":46,"column":41},"end":{"line":64,"column":9}},"line":46},"6":{"name":"(anonymous_6)","decl":{"start":{"line":54,"column":30},"end":{"line":54,"column":31}},"loc":{"start":{"line":54,"column":45},"end":{"line":62,"column":13}},"line":54}},"branchMap":{"0":{"loc":{"start":{"line":21,"column":2},"end":{"line":22,"column":37}},"type":"if","locations":[{"start":{"line":21,"column":2},"end":{"line":22,"column":37}},{"start":{"line":21,"column":2},"end":{"line":22,"column":37}}],"line":21},"1":{"loc":{"start":{"line":39,"column":6},"end":{"line":65,"column":7}},"type":"if","locations":[{"start":{"line":39,"column":6},"end":{"line":65,"column":7}},{"start":{"line":39,"column":6},"end":{"line":65,"column":7}}],"line":39},"2":{"loc":{"start":{"line":47,"column":10},"end":{"line":63,"column":11}},"type":"if","locations":[{"start":{"line":47,"column":10},"end":{"line":63,"column":11}},{"start":{"line":47,"column":10},"end":{"line":63,"column":11}}],"line":47},"3":{"loc":{"start":{"line":55,"column":14},"end":{"line":61,"column":15}},"type":"if","locations":[{"start":{"line":55,"column":14},"end":{"line":61,"column":15}},{"start":{"line":55,"column":14},"end":{"line":61,"column":15}}],"line":55}},"s":{"0":1,"1":1,"2":1,"3":2,"4":2,"5":1,"6":4,"7":4,"8":1,"9":3,"10":1,"11":2,"12":2,"13":2,"14":1,"15":1,"16":1,"17":1,"18":1,"19":0,"20":1,"21":1,"22":1,"23":1,"24":0,"25":1,"26":1,"27":2},"f":{"0":2,"1":4,"2":4,"3":2,"4":2,"5":1,"6":1},"b":{"0":[1,3],"1":[1,1],"2":[0,1],"3":[0,1]},"_coverageSchema":"332fd63041d2c1bcb487cc26dd0d5f7d97098a6c","hash":"8cd33a277f35306bd4b243de0b96f7aa48102576"}
}
