TN:
SF:/Users/georgeraymond/Desktop/code.../codefellows/12-19/03-async/lib/reader-fixed.js
FN:9,(anonymous_0)
FN:19,(anonymous_1)
FN:20,(anonymous_2)
FN:34,(anonymous_3)
FN:38,(anonymous_4)
FN:46,(anonymous_5)
FN:54,(anonymous_6)
FNF:7
FNH:7
FNDA:2,(anonymous_0)
FNDA:4,(anonymous_1)
FNDA:4,(anonymous_2)
FNDA:2,(anonymous_3)
FNDA:2,(anonymous_4)
FNDA:1,(anonymous_5)
FNDA:1,(anonymous_6)
DA:3,1
DA:4,1
DA:9,1
DA:10,2
DA:11,2
DA:19,1
DA:20,4
DA:21,4
DA:22,3
DA:34,1
DA:36,2
DA:38,2
DA:39,2
DA:40,1
DA:43,1
DA:44,1
DA:46,1
DA:47,1
DA:48,0
DA:51,1
DA:52,1
DA:54,1
DA:55,1
DA:56,0
DA:59,1
DA:60,1
DA:68,2
LF:27
LH:25
BRDA:21,0,0,1
BRDA:21,0,1,3
BRDA:39,1,0,1
BRDA:39,1,1,1
BRDA:47,2,0,0
BRDA:47,2,1,1
BRDA:55,3,0,0
BRDA:55,3,1,1
BRF:8
BRH:6
end_of_record
